<?xml version="1.0" encoding="UTF-8"?>
<!-- Generated by org.testng.reporters.JUnitReportReporter -->
<testsuite hostname="DESKTOP-M3EQE8G" failures="0" tests="1" name="cucumberOptions.TestRunner" time="39.544" errors="0" timestamp="2021-12-11T21:21:04 IST" skipped="0">
  <testcase classname="cucumberOptions.TestRunner" name="feature" time="39.544"/>
  <system-out/>
</testsuite> <!-- cucumberOptions.TestRunner -->
