<?xml version="1.0" encoding="UTF-8"?>
<!-- Generated by org.testng.reporters.JUnitReportReporter -->
<testsuite hostname="DESKTOP-M3EQE8G" failures="0" tests="1" name="cucumberOptions.TestRunner" time="45.465" errors="0" timestamp="11 Dec 2021 15:59:36 GMT">
  <testcase classname="cucumberOptions.TestRunner" name="feature" time="45.465"/>
</testsuite> <!-- cucumberOptions.TestRunner -->
